Name                                                     Stmts   Miss Branch BrPart  Cover
------------------------------------------------------------------------------------------
dracut/driver_updates.py                                   373     80    140     21    75%
dracut/parse-kickstart                                     403     76    208     59    75%
pyanaconda/__init__.py                                       0      0      0      0   100%
pyanaconda/addons.py                                        76     51     28      0    24%
pyanaconda/anaconda.py                                     153    153     46      0     0%
pyanaconda/anaconda_argparse.py                            208     49     84     10    69%
pyanaconda/anaconda_log.py                                 125     83     11      0    31%
pyanaconda/bootloader.py                                  1353   1035    510      0    17%
pyanaconda/constants.py                                    103      1      4      1    96%
pyanaconda/constants_text.py                                 3      3      0      0     0%
pyanaconda/desktop.py                                       27     16      8      0    31%
pyanaconda/errors.py                                       138     93     26      0    27%
pyanaconda/exception.py                                    153    153     36      0     0%
pyanaconda/flags.py                                        128     36     50      9    63%
pyanaconda/geoloc.py                                       347    347     74      0     0%
pyanaconda/i18n.py                                          18     10     12      2    47%
pyanaconda/ihelp.py                                         45     32     18      0    21%
pyanaconda/image.py                                        113     98     43      0    10%
pyanaconda/install.py                                      122    122     41      0     0%
pyanaconda/installclass.py                                 129    129     56      0     0%
pyanaconda/installclasses/__init__.py                        0      0      0      0   100%
pyanaconda/installclasses/fedora.py                         31     31     10      0     0%
pyanaconda/installclasses/rhel.py                           31     31      8      0     0%
pyanaconda/isys/__init__.py                                 90     64     27      1    23%
pyanaconda/iutil.py                                        588    249    227     28    54%
pyanaconda/kexec.py                                         48     48     12      0     0%
pyanaconda/keyboard.py                                     208    155     57      0    22%
pyanaconda/kickstart.py                                   1327   1094    640      4    12%
pyanaconda/localization.py                                 262    134    124      7    45%
pyanaconda/network.py                                     1039    823    570      7    18%
pyanaconda/nm.py                                           516    433    168      3    13%
pyanaconda/ntp.py                                          112     89     33      0    16%
pyanaconda/orderedset.py                                    48     32     16      1    27%
pyanaconda/packaging/__init__.py                           681    524    255      1    17%
pyanaconda/packaging/dnfpayload.py                         659    659    229      0     0%
pyanaconda/packaging/livepayload.py                        313    313    112      0     0%
pyanaconda/packaging/rpmostreepayload.py                   169    137     38      0    15%
pyanaconda/packaging/tarpayload.py                          39     39      6      0     0%
pyanaconda/product.py                                       26      4      4      2    80%
pyanaconda/progress.py                                      25      9      0      0    64%
pyanaconda/pwpolicy.py                                      84     49     20      0    34%
pyanaconda/queuefactory.py                                  25      4      4      1    76%
pyanaconda/regexes.py                                       19      0      0      0   100%
pyanaconda/rescue.py                                       270    270     86      0     0%
pyanaconda/safe_dbus.py                                     54     36     14      0    26%
pyanaconda/screensaver.py                                   25     25      0      0     0%
pyanaconda/simpleconfig.py                                 122      2     65      5    96%
pyanaconda/startup_utils.py                                 22     22      8      0     0%
pyanaconda/storage_utils.py                                190    190     90      0     0%
pyanaconda/threads.py                                      111     84     26      0    20%
pyanaconda/timezone.py                                      93     49     32      2    45%
pyanaconda/ui/__init__.py                                   52     27     18      0    39%
pyanaconda/ui/categories/__init__.py                         7      7      0      0     0%
pyanaconda/ui/categories/customization.py                    8      8      0      0     0%
pyanaconda/ui/categories/localization.py                     8      8      0      0     0%
pyanaconda/ui/categories/software.py                         8      8      0      0     0%
pyanaconda/ui/categories/system.py                           8      8      0      0     0%
pyanaconda/ui/categories/user_settings.py                    8      8      0      0     0%
pyanaconda/ui/common.py                                    197    136     66      0    23%
pyanaconda/ui/communication.py                               8      8      0      0     0%
pyanaconda/ui/gui/__init__.py                              481    361    117      0    21%
pyanaconda/ui/gui/helpers.py                                71     71     16      0     0%
pyanaconda/ui/gui/hubs/__init__.py                         218    218     97      0     0%
pyanaconda/ui/gui/hubs/progress.py                         164    164     42      0     0%
pyanaconda/ui/gui/hubs/summary.py                           14     14      2      0     0%
pyanaconda/ui/gui/spokes/__init__.py                        24     10      0      0    58%
pyanaconda/ui/gui/spokes/advstorage/__init__.py              0      0      0      0   100%
pyanaconda/ui/gui/spokes/advstorage/dasd.py                 75     75      8      0     0%
pyanaconda/ui/gui/spokes/advstorage/fcoe.py                 73     73     12      0     0%
pyanaconda/ui/gui/spokes/advstorage/iscsi.py               254    254     74      0     0%
pyanaconda/ui/gui/spokes/advstorage/zfcp.py                 84     84     10      0     0%
pyanaconda/ui/gui/spokes/custom.py                        1579   1579    604      0     0%
pyanaconda/ui/gui/spokes/datetime_spoke.py                 647    647    211      0     0%
pyanaconda/ui/gui/spokes/filter.py                         429    429    135      0     0%
pyanaconda/ui/gui/spokes/keyboard.py                       374    374     98      0     0%
pyanaconda/ui/gui/spokes/langsupport.py                    102    102     16      0     0%
pyanaconda/ui/gui/spokes/lib/__init__.py                     0      0      0      0   100%
pyanaconda/ui/gui/spokes/lib/accordion.py                  205    205     50      0     0%
pyanaconda/ui/gui/spokes/lib/cart.py                       127    127     58      0     0%
pyanaconda/ui/gui/spokes/lib/custom_storage_helpers.py     390    390    138      0     0%
pyanaconda/ui/gui/spokes/lib/dasdfmt.py                     64     64     10      0     0%
pyanaconda/ui/gui/spokes/lib/detailederror.py               29     29      8      0     0%
pyanaconda/ui/gui/spokes/lib/entropy_dialog.py              49     49      2      0     0%
pyanaconda/ui/gui/spokes/lib/lang_locale_handler.py         78     39     18      0    43%
pyanaconda/ui/gui/spokes/lib/passphrase.py                 129    129     29      0     0%
pyanaconda/ui/gui/spokes/lib/refresh.py                     46     46      4      0     0%
pyanaconda/ui/gui/spokes/lib/resize.py                     281    281    105      0     0%
pyanaconda/ui/gui/spokes/lib/summary.py                     37     37     10      0     0%
pyanaconda/ui/gui/spokes/network.py                       1063   1063    420      0     0%
pyanaconda/ui/gui/spokes/password.py                       159    159     65      0     0%
pyanaconda/ui/gui/spokes/software.py                       312    312    112      0     0%
pyanaconda/ui/gui/spokes/source.py                         954    954    360      0     0%
pyanaconda/ui/gui/spokes/storage.py                        600    600    230      0     0%
pyanaconda/ui/gui/spokes/user.py                           325    325    129      0     0%
pyanaconda/ui/gui/spokes/welcome.py                        188    188     68      0     0%
pyanaconda/ui/gui/utils.py                                 199    139     50      1    24%
pyanaconda/ui/gui/xkl_wrapper.py                           161    161     44      0     0%
pyanaconda/ui/helpers.py                                   126    126     38      0     0%
pyanaconda/ui/lib/__init__.py                                0      0      0      0   100%
pyanaconda/ui/lib/disks.py                                  55     55     29      0     0%
pyanaconda/ui/lib/entropy.py                                57     57     12      0     0%
pyanaconda/ui/lib/space.py                                  38     38      4      0     0%
pyanaconda/ui/tui/__init__.py                              102    102     18      0     0%
pyanaconda/ui/tui/hubs/__init__.py                          57     57     24      0     0%
pyanaconda/ui/tui/hubs/summary.py                           68     68     37      0     0%
pyanaconda/ui/tui/simpleline/__init__.py                     2      2      0      0     0%
pyanaconda/ui/tui/simpleline/base.py                       318    318    122      0     0%
pyanaconda/ui/tui/simpleline/widgets.py                     76     76     14      0     0%
pyanaconda/ui/tui/spokes/__init__.py                       186    186     71      0     0%
pyanaconda/ui/tui/spokes/askvnc.py                          95     95     22      0     0%
pyanaconda/ui/tui/spokes/langsupport.py                     61     61     26      0     0%
pyanaconda/ui/tui/spokes/network.py                        210    210     80      0     0%
pyanaconda/ui/tui/spokes/password.py                        40     40      8      0     0%
pyanaconda/ui/tui/spokes/progress.py                        69     69     16      0     0%
pyanaconda/ui/tui/spokes/shell_spoke.py                     27     27      0      0     0%
pyanaconda/ui/tui/spokes/software.py                       136    136     42      0     0%
pyanaconda/ui/tui/spokes/source.py                         297    297     84      0     0%
pyanaconda/ui/tui/spokes/storage.py                        324    324    124      0     0%
pyanaconda/ui/tui/spokes/time_spoke.py                      89     89     40      0     0%
pyanaconda/ui/tui/spokes/user.py                            81     81     43      0     0%
pyanaconda/ui/tui/spokes/warnings_spoke.py                  25     25      0      0     0%
pyanaconda/ui/tui/tuiobject.py                              80     80      8      0     0%
pyanaconda/users.py                                        215     48    109     15    74%
pyanaconda/version.py                                        1      1      0      0     0%
pyanaconda/vnc.py                                          157    157     42      0     0%
------------------------------------------------------------------------------------------
TOTAL                                                    24525  20961   8725    180    13%
