Name                                                                 Stmts   Miss Branch BrPart  Cover
------------------------------------------------------------------------------------------------------
anaconda.py                                                            377    377    175      0     0%
dracut/driver_updates.py                                               455     91    180     28    77%
dracut/parse-kickstart                                                 447     97    237     67    72%
pyanaconda/__init__.py                                                   0      0      0      0   100%
pyanaconda/addons.py                                                    96     66     36      0    23%
pyanaconda/anaconda.py                                                 182    182     56      0     0%
pyanaconda/anaconda_argparse.py                                        236     65     95      9    64%
pyanaconda/anaconda_log.py                                             147     97     13      0    31%
pyanaconda/bootloader.py                                              1398   1063    524      1    18%
pyanaconda/constants.py                                                123      1      4      1    97%
pyanaconda/constants_text.py                                             3      3      0      0     0%
pyanaconda/desktop.py                                                   28     18      8      0    28%
pyanaconda/display.py                                                  167    167     74      0     0%
pyanaconda/errors.py                                                   143     95     28      0    28%
pyanaconda/exception.py                                                155    155     38      0     0%
pyanaconda/flags.py                                                    125     34     50      9    64%
pyanaconda/geoloc.py                                                   347    254     82      1    22%
pyanaconda/i18n.py                                                      18     10     12      2    47%
pyanaconda/ihelp.py                                                     53     53     20      0     0%
pyanaconda/image.py                                                    112     98     46      0     9%
pyanaconda/install.py                                                  174    174     61      0     0%
pyanaconda/install_tasks.py                                            212    212     54      0     0%
pyanaconda/installclass.py                                             134    134     56      0     0%
pyanaconda/installclasses/__init__.py                                    0      0      0      0   100%
pyanaconda/installclasses/centos.py                                     30     30      9      0     0%
pyanaconda/installclasses/fedora.py                                     31     31     11      0     0%
pyanaconda/installclasses/rhel.py                                       30     30      9      0     0%
pyanaconda/installclasses/scientific.py                                 11     11      0      0     0%
pyanaconda/isignal.py                                                   27      0     16      3    93%
pyanaconda/isys/__init__.py                                             89     64     26      1    23%
pyanaconda/iutil.py                                                    682    324    275     26    48%
pyanaconda/kexec.py                                                     49     49     12      0     0%
pyanaconda/keyboard.py                                                 231    176     71      0    20%
pyanaconda/kickstart.py                                               1375   1144    666      4    12%
pyanaconda/lifecycle.py                                                 64     16     22      3    71%
pyanaconda/localization.py                                             268    165    122      4    36%
pyanaconda/network.py                                                 1096    876    604      7    17%
pyanaconda/nm.py                                                       529    445    172      3    13%
pyanaconda/ntp.py                                                      111     89     38      0    15%
pyanaconda/payload/__init__.py                                         727    565    283      1    16%
pyanaconda/payload/dnfpayload.py                                       716    590    261      2    14%
pyanaconda/payload/livepayload.py                                      312    312    110      0     0%
pyanaconda/payload/rpmostreepayload.py                                 174    142     42      0    15%
pyanaconda/payload/tarpayload.py                                        39     39      6      0     0%
pyanaconda/product.py                                                   26      4      4      2    80%
pyanaconda/progress.py                                                  25      9      0      0    64%
pyanaconda/pwpolicy.py                                                  84     49     20      0    34%
pyanaconda/queuefactory.py                                              25      4      4      1    76%
pyanaconda/regexes.py                                                   25      0      0      0   100%
pyanaconda/rescue.py                                                   277    277     88      0     0%
pyanaconda/safe_dbus.py                                                 54     36     17      0    25%
pyanaconda/screen_access.py                                             97     10     28      7    86%
pyanaconda/screensaver.py                                               25     10      0      0    60%
pyanaconda/simpleconfig.py                                             121      2     65      5    96%
pyanaconda/startup_utils.py                                            240    193     88      3    16%
pyanaconda/storage_utils.py                                            243    173    133      1    19%
pyanaconda/threads.py                                                  111     84     26      0    20%
pyanaconda/timezone.py                                                  92     49     28      2    46%
pyanaconda/ui/__init__.py                                               52     52     18      0     0%
pyanaconda/ui/categories/__init__.py                                     7      7      0      0     0%
pyanaconda/ui/categories/customization.py                                8      8      0      0     0%
pyanaconda/ui/categories/localization.py                                 8      8      0      0     0%
pyanaconda/ui/categories/software.py                                     8      8      0      0     0%
pyanaconda/ui/categories/system.py                                       8      8      0      0     0%
pyanaconda/ui/categories/user_settings.py                                8      8      0      0     0%
pyanaconda/ui/common.py                                                171    171     48      0     0%
pyanaconda/ui/communication.py                                           8      8      0      0     0%
pyanaconda/ui/gui/__init__.py                                          499    499    123      0     0%
pyanaconda/ui/gui/helpers.py                                           166    166     55      0     0%
pyanaconda/ui/gui/hubs/__init__.py                                     241    241    105      0     0%
pyanaconda/ui/gui/hubs/progress.py                                     164    164     42      0     0%
pyanaconda/ui/gui/hubs/summary.py                                       18     18      5      0     0%
pyanaconda/ui/gui/spokes/__init__.py                                    24     24      0      0     0%
pyanaconda/ui/gui/spokes/advstorage/__init__.py                          0      0      0      0   100%
pyanaconda/ui/gui/spokes/advstorage/dasd.py                             89     89     20      0     0%
pyanaconda/ui/gui/spokes/advstorage/fcoe.py                             73     73     12      0     0%
pyanaconda/ui/gui/spokes/advstorage/iscsi.py                           256    256     74      0     0%
pyanaconda/ui/gui/spokes/advstorage/zfcp.py                            104    104     18      0     0%
pyanaconda/ui/gui/spokes/blivet_gui.py                                 130    130     22      0     0%
pyanaconda/ui/gui/spokes/custom.py                                    1651   1651    655      0     0%
pyanaconda/ui/gui/spokes/datetime_spoke.py                             649    649    213      0     0%
pyanaconda/ui/gui/spokes/filter.py                                     434    434    137      0     0%
pyanaconda/ui/gui/spokes/keyboard.py                                   381    381    102      0     0%
pyanaconda/ui/gui/spokes/langsupport.py                                104    104     16      0     0%
pyanaconda/ui/gui/spokes/lib/__init__.py                                 0      0      0      0   100%
pyanaconda/ui/gui/spokes/lib/accordion.py                              331    331    112      0     0%
pyanaconda/ui/gui/spokes/lib/cart.py                                   127    127     58      0     0%
pyanaconda/ui/gui/spokes/lib/custom_storage_helpers.py                 391    391    140      0     0%
pyanaconda/ui/gui/spokes/lib/dasdfmt.py                                 65     65     12      0     0%
pyanaconda/ui/gui/spokes/lib/detailederror.py                           29     29      8      0     0%
pyanaconda/ui/gui/spokes/lib/entropy_dialog.py                          49     49      2      0     0%
pyanaconda/ui/gui/spokes/lib/lang_locale_handler.py                     76     76     18      0     0%
pyanaconda/ui/gui/spokes/lib/passphrase.py                             134    134     29      0     0%
pyanaconda/ui/gui/spokes/lib/refresh.py                                 46     46      4      0     0%
pyanaconda/ui/gui/spokes/lib/resize.py                                 284    284    104      0     0%
pyanaconda/ui/gui/spokes/lib/summary.py                                 37     37     10      0     0%
pyanaconda/ui/gui/spokes/network.py                                   1158   1158    454      0     0%
pyanaconda/ui/gui/spokes/password.py                                   115    115     26      0     0%
pyanaconda/ui/gui/spokes/software.py                                   315    315    114      0     0%
pyanaconda/ui/gui/spokes/source.py                                     945    945    352      0     0%
pyanaconda/ui/gui/spokes/storage.py                                    708    708    285      0     0%
pyanaconda/ui/gui/spokes/user.py                                       298    298     96      0     0%
pyanaconda/ui/gui/spokes/welcome.py                                    172    172     54      0     0%
pyanaconda/ui/gui/utils.py                                             236    236     64      0     0%
pyanaconda/ui/gui/xkl_wrapper.py                                       161    161     44      0     0%
pyanaconda/ui/helpers.py                                               134    134     40      0     0%
pyanaconda/ui/lib/__init__.py                                            0      0      0      0   100%
pyanaconda/ui/lib/disks.py                                              55     55     29      0     0%
pyanaconda/ui/lib/entropy.py                                            56     56     12      0     0%
pyanaconda/ui/lib/space.py                                              40     40      4      0     0%
pyanaconda/ui/tui/__init__.py                                          102    102     18      0     0%
pyanaconda/ui/tui/hubs/__init__.py                                      75     75     34      0     0%
pyanaconda/ui/tui/hubs/summary.py                                       78     78     39      0     0%
pyanaconda/ui/tui/simpleline/__init__.py                                 3      3      0      0     0%
pyanaconda/ui/tui/simpleline/base.py                                   261    261     92      0     0%
pyanaconda/ui/tui/simpleline/prompt.py                                  48     48     12      0     0%
pyanaconda/ui/tui/simpleline/widgets.py                                177    177     70      0     0%
pyanaconda/ui/tui/spokes/__init__.py                                   207    207     85      0     0%
pyanaconda/ui/tui/spokes/askvnc.py                                      94     94     20      0     0%
pyanaconda/ui/tui/spokes/langsupport.py                                 70     70     26      0     0%
pyanaconda/ui/tui/spokes/network.py                                    229    229     86      0     0%
pyanaconda/ui/tui/spokes/password.py                                    43     43      8      0     0%
pyanaconda/ui/tui/spokes/progress.py                                    72     72     18      0     0%
pyanaconda/ui/tui/spokes/shell_spoke.py                                 27     27      0      0     0%
pyanaconda/ui/tui/spokes/software.py                                   191    191     70      0     0%
pyanaconda/ui/tui/spokes/source.py                                     302    302     86      0     0%
pyanaconda/ui/tui/spokes/storage.py                                    327    327    130      0     0%
pyanaconda/ui/tui/spokes/time_spoke.py                                 315    315    104      0     0%
pyanaconda/ui/tui/spokes/user.py                                        97     97     49      0     0%
pyanaconda/ui/tui/spokes/warnings_spoke.py                              27     27      0      0     0%
pyanaconda/ui/tui/tuiobject.py                                         101    101     10      0     0%
pyanaconda/users.py                                                    252     50    131     18    76%
pyanaconda/version.py                                                    1      0      0      0   100%
pyanaconda/vnc.py                                                      156    156     42      0     0%
translation-canary/translation_canary/__init__.py                        0      0      0      0   100%
translation-canary/translation_canary/translatable/__init__.py          31      7     14      1    82%
translation-canary/translation_canary/translatable/__main__.py          10      3      6      2    69%
translation-canary/translation_canary/translatable/test_comment.py       3      1      2      1    60%
translation-canary/translation_canary/translatable/test_markup.py        7      1      4      1    82%
------------------------------------------------------------------------------------------------------
TOTAL                                                                27697  23731   9997    216    13%
